2025-07-27 16:20:03.011379 - User: tolu@gmail.com - Path: /api/conversations/
2025-07-27 16:20:09.509626 - User: tolu@gmail.com - Path: /admin/chats/user/edd0d4cd-2067-44f0-9866-345f82e5b558/change/
2025-07-27 16:20:09.850767 - User: tolu@gmail.com - Path: /admin/jsi18n/
2025-07-27 16:20:09.882387 - User: tolu@gmail.com - Path: /admin/jsi18n/
2025-07-27 16:20:16.044071 - User: tolu@gmail.com - Path: /api/conversations/
/Users/toluadetuyi/Documents/GitHub/alx-backend-python/Django-Middleware-0x03/chats/middleware.py changed, reloading.
/Users/toluadetuyi/Documents/GitHub/alx-backend-python/Django-Middleware-0x03/messaging_app/settings.py changed, reloading.
/Users/toluadetuyi/Documents/GitHub/alx-backend-python/Django-Middleware-0x03/chats/middleware.py changed, reloading.
2025-07-27 16:27:45.958410 - User: tolu@gmail.com - Path: /api/conversations/
2025-07-27 16:27:49.790366 - User: tolu@gmail.com - Path: /api/conversations/
2025-07-27 16:27:51.261808 - User: tolu@gmail.com - Path: /api/conversations/
2025-07-27 16:27:52.186404 - User: tolu@gmail.com - Path: /api/conversations/
2025-07-27 16:27:53.328364 - User: tolu@gmail.com - Path: /api/conversations/
/Users/toluadetuyi/Documents/GitHub/alx-backend-python/Django-Middleware-0x03/chats/middleware.py changed, reloading.
2025-07-27 16:31:52.419961 - User: tolu@gmail.com - Path: /api/conversations/
Hour is: 16
2025-07-27 16:31:53.799269 - User: tolu@gmail.com - Path: /api/conversations/
Hour is: 16
2025-07-27 16:33:34.780240 - User: tolu@gmail.com - Path: /api/conversations/
Hour is: 16
2025-07-27 16:33:36.545589 - User: tolu@gmail.com - Path: /api/conversations/
Hour is: 16
2025-07-27 16:33:37.804206 - User: tolu@gmail.com - Path: /api/conversations/
Hour is: 16
/Users/toluadetuyi/Documents/GitHub/alx-backend-python/Django-Middleware-0x03/chats/middleware.py changed, reloading.
/Users/toluadetuyi/Documents/GitHub/alx-backend-python/Django-Middleware-0x03/chats/middleware.py changed, reloading.
